<?xml version="1.0" encoding="UTF-8"?>
<!-- Generated by org.testng.reporters.JUnitReportReporter -->
<testsuite hostname="DESKTOP-FRE1AQT" failures="0" tests="1" name="com.booking.hotel.BookingHotel" time="33.239" errors="0" timestamp="02 Oct 2024 05:41:02 GMT" skipped="0">
  <testcase classname="com.booking.hotel.BookingHotel" name="bookingHotel" time="33.239"/>
</testsuite> <!-- com.booking.hotel.BookingHotel -->
