<?xml version="1.0" encoding="UTF-8"?>
<!-- Generated by org.testng.reporters.JUnitReportReporter -->
<testsuite hostname="DESKTOP-FRE1AQT" failures="0" tests="1" name="com.booking.hotel.BookingHotel" time="42.250" errors="0" timestamp="01 Oct 2024 19:12:09 GMT" skipped="0">
  <testcase classname="com.booking.hotel.BookingHotel" name="bookingHotel" time="42.250"/>
</testsuite> <!-- com.booking.hotel.BookingHotel -->
