<?xml version="1.0" encoding="UTF-8"?>
<!-- Generated by org.testng.reporters.JUnitReportReporter -->
<testsuite hostname="DESKTOP-FRE1AQT" failures="0" tests="2" name="com.booking.hotel.BusinessLogic" time="17.024" errors="0" timestamp="03 Oct 2024 07:33:54 GMT" skipped="0">
  <testcase classname="com.booking.hotel.BusinessLogic" name="hotelNameSort" time="2.938"/>
  <testcase classname="com.booking.hotel.BusinessLogic" name="Ascending" time="14.086"/>
</testsuite> <!-- com.booking.hotel.BusinessLogic -->
